<?xml version="1.0" encoding="UTF-8" ?>
<testsuite tests="4" failures="0" name="com.github.dariobalinzo.TestSchema" time="6.273" errors="1" skipped="0">
  <properties>
    <property name="java.runtime.name" value="OpenJDK Runtime Environment"/>
    <property name="sun.boot.library.path" value="/Library/Java/JavaVirtualMachines/adoptopenjdk-8.jdk/Contents/Home/jre/lib"/>
    <property name="java.vm.version" value="25.192-b12"/>
    <property name="gopherProxySet" value="false"/>
    <property name="java.vm.vendor" value="Oracle Corporation"/>
    <property name="maven.multiModuleProjectDirectory" value="/Users/abc/inspectorio/kafka-connect-elasticsearch-source"/>
    <property name="java.vendor.url" value="http://java.oracle.com/"/>
    <property name="path.separator" value=":"/>
    <property name="guice.disable.misplaced.annotation.check" value="true"/>
    <property name="java.vm.name" value="OpenJDK 64-Bit Server VM"/>
    <property name="file.encoding.pkg" value="sun.io"/>
    <property name="user.country" value="VN"/>
    <property name="sun.java.launcher" value="SUN_STANDARD"/>
    <property name="sun.os.patch.level" value="unknown"/>
    <property name="java.vm.specification.name" value="Java Virtual Machine Specification"/>
    <property name="user.dir" value="/Users/abc/inspectorio/kafka-connect-elasticsearch-source"/>
    <property name="java.runtime.version" value="1.8.0_192-b12"/>
    <property name="java.awt.graphicsenv" value="sun.awt.CGraphicsEnvironment"/>
    <property name="java.endorsed.dirs" value="/Library/Java/JavaVirtualMachines/adoptopenjdk-8.jdk/Contents/Home/jre/lib/endorsed"/>
    <property name="os.arch" value="x86_64"/>
    <property name="java.io.tmpdir" value="/var/folders/r4/03vr3kxj6g7flsnz1yf065cw0000gp/T/"/>
    <property name="line.separator" value="
"/>
    <property name="java.vm.specification.vendor" value="Oracle Corporation"/>
    <property name="os.name" value="Mac OS X"/>
    <property name="classworlds.conf" value="/opt/apache-maven-3.6.0/bin/m2.conf"/>
    <property name="sun.jnu.encoding" value="UTF-8"/>
    <property name="java.library.path" value="/Users/abc/Library/Java/Extensions:/Library/Java/Extensions:/Network/Library/Java/Extensions:/System/Library/Java/Extensions:/usr/lib/java:."/>
    <property name="maven.conf" value="/opt/apache-maven-3.6.0/conf"/>
    <property name="java.specification.name" value="Java Platform API Specification"/>
    <property name="java.class.version" value="52.0"/>
    <property name="sun.management.compiler" value="HotSpot 64-Bit Tiered Compilers"/>
    <property name="os.version" value="10.13.6"/>
    <property name="library.jansi.path" value="/opt/apache-maven-3.6.0/lib/jansi-native"/>
    <property name="http.nonProxyHosts" value="local|*.local|169.254/16|*.169.254/16"/>
    <property name="user.home" value="/Users/abc"/>
    <property name="user.timezone" value="Asia/Ho_Chi_Minh"/>
    <property name="java.awt.printerjob" value="sun.lwawt.macosx.CPrinterJob"/>
    <property name="java.specification.version" value="1.8"/>
    <property name="file.encoding" value="UTF-8"/>
    <property name="user.name" value="abc"/>
    <property name="java.class.path" value="/opt/apache-maven-3.6.0/boot/plexus-classworlds-2.5.2.jar"/>
    <property name="java.vm.specification.version" value="1.8"/>
    <property name="sun.arch.data.model" value="64"/>
    <property name="java.home" value="/Library/Java/JavaVirtualMachines/adoptopenjdk-8.jdk/Contents/Home/jre"/>
    <property name="sun.java.command" value="org.codehaus.plexus.classworlds.launcher.Launcher test"/>
    <property name="java.specification.vendor" value="Oracle Corporation"/>
    <property name="user.language" value="en"/>
    <property name="awt.toolkit" value="sun.lwawt.macosx.LWCToolkit"/>
    <property name="java.vm.info" value="mixed mode"/>
    <property name="java.version" value="1.8.0_192"/>
    <property name="java.ext.dirs" value="/Users/abc/Library/Java/Extensions:/Library/Java/JavaVirtualMachines/adoptopenjdk-8.jdk/Contents/Home/jre/lib/ext:/Library/Java/Extensions:/Network/Library/Java/Extensions:/System/Library/Java/Extensions:/usr/lib/java"/>
    <property name="sun.boot.class.path" value="/Library/Java/JavaVirtualMachines/adoptopenjdk-8.jdk/Contents/Home/jre/lib/resources.jar:/Library/Java/JavaVirtualMachines/adoptopenjdk-8.jdk/Contents/Home/jre/lib/rt.jar:/Library/Java/JavaVirtualMachines/adoptopenjdk-8.jdk/Contents/Home/jre/lib/sunrsasign.jar:/Library/Java/JavaVirtualMachines/adoptopenjdk-8.jdk/Contents/Home/jre/lib/jsse.jar:/Library/Java/JavaVirtualMachines/adoptopenjdk-8.jdk/Contents/Home/jre/lib/jce.jar:/Library/Java/JavaVirtualMachines/adoptopenjdk-8.jdk/Contents/Home/jre/lib/charsets.jar:/Library/Java/JavaVirtualMachines/adoptopenjdk-8.jdk/Contents/Home/jre/lib/jfr.jar:/Library/Java/JavaVirtualMachines/adoptopenjdk-8.jdk/Contents/Home/jre/classes"/>
    <property name="java.vendor" value="Oracle Corporation"/>
    <property name="maven.home" value="/opt/apache-maven-3.6.0"/>
    <property name="file.separator" value="/"/>
    <property name="java.vendor.url.bug" value="http://bugreport.sun.com/bugreport/"/>
    <property name="sun.cpu.endian" value="little"/>
    <property name="sun.io.unicode.encoding" value="UnicodeBig"/>
    <property name="socksNonProxyHosts" value="local|*.local|169.254/16|*.169.254/16"/>
    <property name="ftp.nonProxyHosts" value="local|*.local|169.254/16|*.169.254/16"/>
    <property name="sun.cpu.isalist" value=""/>
  </properties>
  <testcase classname="com.github.dariobalinzo.TestSchema" name="testGetIndexAlias" time="2.3"/>
  <testcase classname="com.github.dariobalinzo.TestSchema" name="testSearchWithWhitelistFields" time="1.201"/>
  <testcase classname="com.github.dariobalinzo.TestSchema" name="testSearchWithcastStringFields" time="1.444">
    <error message="error in converting list: type not supported" type="java.lang.RuntimeException">java.lang.RuntimeException: error in converting list: type not supported
	at com.github.dariobalinzo.schema.SchemaConverter.lambda$convertDocumentSchema$0(SchemaConverter.java:107)
	at java.util.HashMap$KeySet.forEach(HashMap.java:933)
	at com.github.dariobalinzo.schema.SchemaConverter.convertDocumentSchema(SchemaConverter.java:42)
	at com.github.dariobalinzo.schema.SchemaConverter.convertElasticMapping2AvroSchema(SchemaConverter.java:33)
	at com.github.dariobalinzo.TestSchema.testSearchWithcastStringFields(TestSchema.java:129)
	at sun.reflect.NativeMethodAccessorImpl.invoke0(Native Method)
	at sun.reflect.NativeMethodAccessorImpl.invoke(NativeMethodAccessorImpl.java:62)
	at sun.reflect.DelegatingMethodAccessorImpl.invoke(DelegatingMethodAccessorImpl.java:43)
	at java.lang.reflect.Method.invoke(Method.java:498)
	at junit.framework.TestCase.runTest(TestCase.java:176)
	at junit.framework.TestCase.runBare(TestCase.java:141)
	at junit.framework.TestResult$1.protect(TestResult.java:122)
	at junit.framework.TestResult.runProtected(TestResult.java:142)
	at junit.framework.TestResult.run(TestResult.java:125)
	at junit.framework.TestCase.run(TestCase.java:129)
	at junit.framework.TestSuite.runTest(TestSuite.java:252)
	at junit.framework.TestSuite.run(TestSuite.java:247)
	at org.junit.internal.runners.JUnit38ClassRunner.run(JUnit38ClassRunner.java:86)
	at org.apache.maven.surefire.junit4.JUnit4Provider.execute(JUnit4Provider.java:252)
	at org.apache.maven.surefire.junit4.JUnit4Provider.executeTestSet(JUnit4Provider.java:141)
	at org.apache.maven.surefire.junit4.JUnit4Provider.invoke(JUnit4Provider.java:112)
	at sun.reflect.NativeMethodAccessorImpl.invoke0(Native Method)
	at sun.reflect.NativeMethodAccessorImpl.invoke(NativeMethodAccessorImpl.java:62)
	at sun.reflect.DelegatingMethodAccessorImpl.invoke(DelegatingMethodAccessorImpl.java:43)
	at java.lang.reflect.Method.invoke(Method.java:498)
	at org.apache.maven.surefire.util.ReflectionUtils.invokeMethodWithArray(ReflectionUtils.java:189)
	at org.apache.maven.surefire.booter.ProviderFactory$ProviderProxy.invoke(ProviderFactory.java:165)
	at org.apache.maven.surefire.booter.ProviderFactory.invokeProvider(ProviderFactory.java:85)
	at org.apache.maven.surefire.booter.ForkedBooter.runSuitesInProcess(ForkedBooter.java:115)
	at org.apache.maven.surefire.booter.ForkedBooter.main(ForkedBooter.java:75)
</error>
    <system-out>{country=AF, inspection_city=Ho Chi Minh City, to_organization_name=Target Analytic Testing_2, inspection_date=1528185198207, approved_date=1528185198210, inspection_location=10.801015486692819,106.73594331179247, to_organization_id=125318, inspector_id=2702, completed_status=none, po_number=PO_123, product_line_name=TEST, sample_size=0, pos=[], inspection_id=82660de0-6895-11e8-88a1-86bef6e09b96, car=false, latest_locations=[10.801015486692819,106.73594331179247, 10.8012629114192,106.73572730282949, 10.801070185080036,106.73604064567093, 10.801267018551753,106.7357247044395, 10.801103378120084,106.73594656156571, 10.801267018551753,106.7357247044395, 10.801023988594157,106.73593682645989], supplier={address=25/15 Le Binh, phuong 4, Tan Binh, Ho Chi Minh, 123, AL, name=Staging Vendor Auto 01, id=193878}, shared_org_detail=[], client={address=fdfdsf, dsfdsf, dsfsdf, AQ, name=Target Analytic Testing_2, id=125318}, case_number=2522018-TESTStagingFactoryAuto01SOLID, product_lines=[{product_line_name=TEST, product_line_id=100990, organization_id=125318}], po_ids=[], inspection_status=aborted, inspection_district=Quáº­n 2, approval_flag=false, factory={address=35/15 Le Binh, Phuong 04, Tan Binh, Ho Chi Minh, 234, DZ, name=Staging Factory Auto 01, id=193879}, last_updated=1528185198286, item_id=[018-04-5175, 018-04-5174, 018-04-5177, 018-04-5176, 018-04-5171, 018-04-5170, 018-04-5173, 018-04-5172, 018-04-5179, 018-04-5178, ITEM_20, 018-04-5168, 018-04-5169, 018-04-5180, 018-04-5163, 018-04-5166, 018-04-5167, 018-04-5164, 018-04-5165], is_shared_by_scheduler_report_sharing=false, organization_name=Target Analytic Testing_2, inspector_name=Dat Inspector, product_line=100990, expected_date=1528174857989, product_categories=[{product_category_name=Mobile, product_line_name=TEST, product_line_id=100990, organization_id=125318, product_category_id=612}, {product_category_name=Cameras, product_line_name=TEST, product_line_id=100990, organization_id=125318, product_category_id=616}], organization_id=125318, shared_organizations=[125318], styles=[STYLE_01, STYLE_02], created_date=1528185198210, inspection_country=Vietnam, inspection_type=DUPRO}
</system-out>
  </testcase>
  <testcase classname="com.github.dariobalinzo.TestSchema" name="testSearch" time="1.328"/>
</testsuite>